<?xml version="1.0" encoding="UTF-8"?>
<!-- Generated by org.testng.reporters.JUnitXMLReporter -->
<testsuite hostname="Massads-MacBook-Pro.local" ignored="0" name="Default test" tests="2" failures="0" timestamp="31 Oct 2021 18:55:03 GMT" time="8.8" errors="0">
  <testcase name="runScenario" time="3.898" classname="io.cucumber.testng.AbstractTestNGCucumberTests"/>
  <testcase name="runScenario" time="4.516" classname="io.cucumber.testng.AbstractTestNGCucumberTests"/>
</testsuite> <!-- Default test -->
