<?xml version="1.0" encoding="UTF-8"?>
<testng-results skipped="0" failed="0" ignored="0" total="2" passed="2">
  <reporter-output>
  </reporter-output>
  <suite name="Default suite" duration-ms="8800" started-at="2021-10-31T18:54:55Z" finished-at="2021-10-31T18:55:03Z">
    <groups>
      <group name="cucumber">
        <method signature="AbstractTestNGCucumberTests.runScenario(io.cucumber.testng.PickleWrapper, io.cucumber.testng.FeatureWrapper)[pri:0, instance:runners.TestRunner@2f7c2f4f]" name="runScenario" class="io.cucumber.testng.AbstractTestNGCucumberTests"/>
      </group> <!-- cucumber -->
    </groups>
    <test name="Default test" duration-ms="8800" started-at="2021-10-31T18:54:55Z" finished-at="2021-10-31T18:55:03Z">
      <class name="runners.TestRunner">
        <test-method status="PASS" signature="setUpClass()[pri:0, instance:runners.TestRunner@2f7c2f4f]" name="setUpClass" is-config="true" duration-ms="324" started-at="2021-10-31T18:54:55Z" finished-at="2021-10-31T18:54:55Z">
          <reporter-output>
          </reporter-output>
        </test-method> <!-- setUpClass -->
        <test-method status="PASS" signature="runScenario(io.cucumber.testng.PickleWrapper, io.cucumber.testng.FeatureWrapper)[pri:0, instance:runners.TestRunner@2f7c2f4f]" name="runScenario" duration-ms="3898" started-at="2021-10-31T18:54:55Z" description="Runs Cucumber Scenarios" data-provider="scenarios" finished-at="2021-10-31T18:54:59Z">
          <params>
            <param index="0">
              <value>
                <![CDATA["simple search"]]>
              </value>
            </param>
            <param index="1">
              <value>
                <![CDATA["Optional[google search]"]]>
              </value>
            </param>
          </params>
          <reporter-output>
          </reporter-output>
        </test-method> <!-- runScenario -->
        <test-method status="PASS" signature="runScenario(io.cucumber.testng.PickleWrapper, io.cucumber.testng.FeatureWrapper)[pri:0, instance:runners.TestRunner@2f7c2f4f]" name="runScenario" duration-ms="4516" started-at="2021-10-31T18:54:59Z" description="Runs Cucumber Scenarios" data-provider="scenarios" finished-at="2021-10-31T18:55:03Z">
          <params>
            <param index="0">
              <value>
                <![CDATA["simple search"]]>
              </value>
            </param>
            <param index="1">
              <value>
                <![CDATA["Optional[google search]"]]>
              </value>
            </param>
          </params>
          <reporter-output>
          </reporter-output>
        </test-method> <!-- runScenario -->
        <test-method status="PASS" signature="tearDownClass()[pri:0, instance:runners.TestRunner@2f7c2f4f]" name="tearDownClass" is-config="true" duration-ms="31" started-at="2021-10-31T18:55:03Z" finished-at="2021-10-31T18:55:03Z">
          <reporter-output>
          </reporter-output>
        </test-method> <!-- tearDownClass -->
      </class> <!-- runners.TestRunner -->
    </test> <!-- Default test -->
  </suite> <!-- Default suite -->
</testng-results>
