<?xml version="1.0" encoding="UTF-8"?>
<!-- Generated by org.testng.reporters.JUnitXMLReporter -->
<testsuite hostname="Massads-MacBook-Pro.local" ignored="0" name="Command line test" tests="2" failures="0" timestamp="24 Oct 2021 19:42:47 GMT" time="0.529" errors="0">
  <testcase name="runScenario" time="0.126" classname="io.cucumber.testng.AbstractTestNGCucumberTests"/>
  <testcase name="runScenario" time="0.003" classname="io.cucumber.testng.AbstractTestNGCucumberTests"/>
</testsuite> <!-- Command line test -->
